*** Starting uWSGI 2.0.17 (64bit) on [Fri May  4 19:16:41 2018] ***
compiled with version: 4.8.5 20150623 (Red Hat 4.8.5-16) on 04 May 2018 05:16:46
os: Linux-3.10.0-693.21.1.el7.x86_64 #1 SMP Wed Mar 7 19:03:37 UTC 2018
nodename: localhost
machine: x86_64
clock source: unix
pcre jit disabled
detected number of CPU cores: 1
current working directory: /root/djangoProjects/iphoto/iphoto_project/conf
detected binary path: /root/.virtualenvs/iphoto/bin/uwsgi
uWSGI running as root, you can use --uid/--gid/--chroot options
*** WARNING: you are running uWSGI as root !!! (use the --uid flag) *** 
chdir() to /root/djangoProjects/iphoto/iphoto_project
your processes number limit is 7279
your memory page size is 4096 bytes
detected max file descriptor number: 65535
lock engine: pthread robust mutexes
thunder lock: disabled (you can enable it with --thunder-lock)
probably another instance of uWSGI is running on the same address (127.0.0.1:8000).
bind(): Address already in use [core/socket.c line 769]
Fri May  4 19:17:53 2018 - uWSGI worker 1 screams: UAAAAAAH my master disconnected: i will kill myself !!!
Fri May  4 19:17:53 2018 - uWSGI worker 2 screams: UAAAAAAH my master disconnected: i will kill myself !!!
Fri May  4 19:17:53 2018 - uWSGI worker 3 screams: UAAAAAAH my master disconnected: i will kill myself !!!
Fri May  4 19:17:53 2018 - uWSGI worker 4 screams: UAAAAAAH my master disconnected: i will kill myself !!!
Fri May  4 19:17:53 2018 - uWSGI worker 5 screams: UAAAAAAH my master disconnected: i will kill myself !!!
Fri May  4 19:17:53 2018 - uWSGI worker 6 screams: UAAAAAAH my master disconnected: i will kill myself !!!
Fri May  4 19:17:53 2018 - uWSGI worker 7 screams: UAAAAAAH my master disconnected: i will kill myself !!!
Fri May  4 19:17:53 2018 - uWSGI worker 8 screams: UAAAAAAH my master disconnected: i will kill myself !!!
Fri May  4 19:17:53 2018 - uWSGI worker 9 screams: UAAAAAAH my master disconnected: i will kill myself !!!
Fri May  4 19:17:53 2018 - uWSGI worker 10 screams: UAAAAAAH my master disconnected: i will kill myself !!!
*** Starting uWSGI 2.0.17 (64bit) on [Fri May  4 19:18:04 2018] ***
compiled with version: 4.8.5 20150623 (Red Hat 4.8.5-16) on 04 May 2018 05:16:46
os: Linux-3.10.0-693.21.1.el7.x86_64 #1 SMP Wed Mar 7 19:03:37 UTC 2018
nodename: localhost
machine: x86_64
clock source: unix
pcre jit disabled
detected number of CPU cores: 1
current working directory: /root/djangoProjects/iphoto/iphoto_project/conf
detected binary path: /root/.virtualenvs/iphoto/bin/uwsgi
uWSGI running as root, you can use --uid/--gid/--chroot options
*** WARNING: you are running uWSGI as root !!! (use the --uid flag) *** 
chdir() to /root/djangoProjects/iphoto/iphoto_project
your processes number limit is 7279
your memory page size is 4096 bytes
detected max file descriptor number: 65535
lock engine: pthread robust mutexes
thunder lock: disabled (you can enable it with --thunder-lock)
uwsgi socket 0 bound to TCP address 127.0.0.1:8000 fd 3
uWSGI running as root, you can use --uid/--gid/--chroot options
*** WARNING: you are running uWSGI as root !!! (use the --uid flag) *** 
Python version: 3.6.5 (default, Apr  5 2018, 14:03:46)  [GCC 4.8.5 20150623 (Red Hat 4.8.5-16)]
Set PythonHome to /root/.virtualenvs/iphoto
*** Python threads support is disabled. You can enable it with --enable-threads ***
Python main interpreter initialized at 0x240cf00
uWSGI running as root, you can use --uid/--gid/--chroot options
*** WARNING: you are running uWSGI as root !!! (use the --uid flag) *** 
your server socket listen backlog is limited to 100 connections
your mercy for graceful operations on workers is 60 seconds
mapped 802120 bytes (783 KB) for 10 cores
*** Operational MODE: preforking ***
ModuleNotFoundError: No module named 'iphoto_project'
unable to load app 0 (mountpoint='') (callable not found or import error)
*** no app loaded. going in full dynamic mode ***
uWSGI running as root, you can use --uid/--gid/--chroot options
*** WARNING: you are running uWSGI as root !!! (use the --uid flag) *** 
spawned uWSGI master process (pid: 1679)
spawned uWSGI worker 1 (pid: 1680, cores: 1)
spawned uWSGI worker 2 (pid: 1681, cores: 1)
spawned uWSGI worker 3 (pid: 1682, cores: 1)
spawned uWSGI worker 4 (pid: 1683, cores: 1)
spawned uWSGI worker 5 (pid: 1684, cores: 1)
spawned uWSGI worker 6 (pid: 1685, cores: 1)
spawned uWSGI worker 7 (pid: 1686, cores: 1)
spawned uWSGI worker 8 (pid: 1687, cores: 1)
spawned uWSGI worker 9 (pid: 1688, cores: 1)
spawned uWSGI worker 10 (pid: 1689, cores: 1)
SIGINT/SIGQUIT received...killing workers...
worker 1 buried after 1 seconds
worker 2 buried after 1 seconds
worker 3 buried after 1 seconds
worker 4 buried after 1 seconds
worker 5 buried after 1 seconds
worker 6 buried after 1 seconds
worker 7 buried after 1 seconds
worker 8 buried after 1 seconds
worker 9 buried after 1 seconds
worker 10 buried after 1 seconds
goodbye to uWSGI.
*** Starting uWSGI 2.0.17 (64bit) on [Fri May  4 19:20:16 2018] ***
compiled with version: 4.8.5 20150623 (Red Hat 4.8.5-16) on 04 May 2018 05:16:46
os: Linux-3.10.0-693.21.1.el7.x86_64 #1 SMP Wed Mar 7 19:03:37 UTC 2018
nodename: localhost
machine: x86_64
clock source: unix
pcre jit disabled
detected number of CPU cores: 1
current working directory: /root/djangoProjects/iphoto/iphoto_project/conf
detected binary path: /root/.virtualenvs/iphoto/bin/uwsgi
uWSGI running as root, you can use --uid/--gid/--chroot options
*** WARNING: you are running uWSGI as root !!! (use the --uid flag) *** 
chdir() to /root/djangoProjects/iphoto/
your processes number limit is 7279
your memory page size is 4096 bytes
detected max file descriptor number: 65535
lock engine: pthread robust mutexes
thunder lock: disabled (you can enable it with --thunder-lock)
uwsgi socket 0 bound to TCP address 127.0.0.1:8000 fd 3
uWSGI running as root, you can use --uid/--gid/--chroot options
*** WARNING: you are running uWSGI as root !!! (use the --uid flag) *** 
Python version: 3.6.5 (default, Apr  5 2018, 14:03:46)  [GCC 4.8.5 20150623 (Red Hat 4.8.5-16)]
Set PythonHome to /root/.virtualenvs/iphoto
*** Python threads support is disabled. You can enable it with --enable-threads ***
Python main interpreter initialized at 0x1fd4ee0
uWSGI running as root, you can use --uid/--gid/--chroot options
*** WARNING: you are running uWSGI as root !!! (use the --uid flag) *** 
your server socket listen backlog is limited to 100 connections
your mercy for graceful operations on workers is 60 seconds
mapped 802120 bytes (783 KB) for 10 cores
*** Operational MODE: preforking ***
WSGI app 0 (mountpoint='') ready in 2 seconds on interpreter 0x1fd4ee0 pid: 1698 (default app)
uWSGI running as root, you can use --uid/--gid/--chroot options
*** WARNING: you are running uWSGI as root !!! (use the --uid flag) *** 
spawned uWSGI master process (pid: 1698)
spawned uWSGI worker 1 (pid: 1702, cores: 1)
spawned uWSGI worker 2 (pid: 1703, cores: 1)
spawned uWSGI worker 3 (pid: 1704, cores: 1)
spawned uWSGI worker 4 (pid: 1705, cores: 1)
spawned uWSGI worker 5 (pid: 1706, cores: 1)
spawned uWSGI worker 6 (pid: 1707, cores: 1)
spawned uWSGI worker 7 (pid: 1708, cores: 1)
spawned uWSGI worker 8 (pid: 1709, cores: 1)
spawned uWSGI worker 9 (pid: 1710, cores: 1)
spawned uWSGI worker 10 (pid: 1711, cores: 1)
SIGINT/SIGQUIT received...killing workers...
worker 1 buried after 3 seconds
worker 2 buried after 3 seconds
worker 3 buried after 3 seconds
worker 4 buried after 3 seconds
worker 5 buried after 3 seconds
worker 6 buried after 3 seconds
worker 7 buried after 3 seconds
worker 8 buried after 3 seconds
worker 9 buried after 3 seconds
worker 10 buried after 3 seconds
goodbye to uWSGI.
